# JRE version: OpenJDK Runtime Environment (11.0.10) (build 11.0.10+0-b96-7249189)
# Java VM: OpenJDK 64-Bit Server VM (11.0.10+0-b96-7249189, mixed mode, tiered, compressed oops, g1 gc, windows-amd64)
Heap:
 garbage-first heap   total 448512K, used 75400K [0x0000000080000000, 0x0000000100000000)
  region size 1024K, 4 young (4096K), 4 survivors (4096K)
 Metaspace       used 81634K, capacity 83507K, committed 83660K, reserved 1122304K
  class space    used 10545K, capacity 11194K, committed 11212K, reserved 1048576K
GC Heap History (20 events):
Event: 15.764 GC heap after
{Heap after GC invocations=45 (full 0):
 garbage-first heap   total 99328K, used 58014K [0x0000000080000000, 0x0000000100000000)
  region size 1024K, 2 young (2048K), 2 survivors (2048K)
 Metaspace       used 63068K, capacity 64619K, committed 64844K, reserved 1105920K
  class space    used 7931K, capacity 8490K, committed 8524K, reserved 1048576K
}
Event: 16.010 GC heap before
{Heap before GC invocations=46 (full 0):
 garbage-first heap   total 99328K, used 62110K [0x0000000080000000, 0x0000000100000000)
  region size 1024K, 8 young (8192K), 2 survivors (2048K)
 Metaspace       used 63529K, capacity 65078K, committed 65228K, reserved 1105920K
  class space    used 8008K, capacity 8557K, committed 8652K, reserved 1048576K
}
Event: 16.018 GC heap after
{Heap after GC invocations=47 (full 0):
 garbage-first heap   total 119808K, used 58246K [0x0000000080000000, 0x0000000100000000)
  region size 1024K, 2 young (2048K), 2 survivors (2048K)
 Metaspace       used 63529K, capacity 65078K, committed 65228K, reserved 1105920K
  class space    used 8008K, capacity 8557K, committed 8652K, reserved 1048576K
}
Event: 17.356 GC heap before
{Heap before GC invocations=48 (full 0):
 garbage-first heap   total 119808K, used 85894K [0x0000000080000000, 0x0000000100000000)
  region size 1024K, 28 young (28672K), 2 survivors (2048K)
 Metaspace       used 66093K, capacity 67597K, committed 67788K, reserved 1107968K
  class space    used 8334K, capacity 8878K, committed 8908K, reserved 1048576K
}
Event: 17.390 GC heap after
{Heap after GC invocations=49 (full 0):
 garbage-first heap   total 119808K, used 58940K [0x0000000080000000, 0x0000000100000000)
  region size 1024K, 3 young (3072K), 3 survivors (3072K)
 Metaspace       used 66093K, capacity 67597K, committed 67788K, reserved 1107968K
  class space    used 8334K, capacity 8878K, committed 8908K, reserved 1048576K
}
Event: 18.477 GC heap before
{Heap before GC invocations=49 (full 0):
 garbage-first heap   total 119808K, used 86588K [0x0000000080000000, 0x0000000100000000)
  region size 1024K, 30 young (30720K), 3 survivors (3072K)
 Metaspace       used 66866K, capacity 68418K, committed 68684K, reserved 1110016K
  class space    used 8433K, capacity 8954K, committed 9036K, reserved 1048576K
}
Event: 18.563 GC heap after
{Heap after GC invocations=50 (full 0):
 garbage-first heap   total 119808K, used 61416K [0x0000000080000000, 0x0000000100000000)
  region size 1024K, 4 young (4096K), 4 survivors (4096K)
 Metaspace       used 66866K, capacity 68418K, committed 68684K, reserved 1110016K
  class space    used 8433K, capacity 8954K, committed 9036K, reserved 1048576K
}
Event: 20.013 GC heap before
{Heap before GC invocations=51 (full 0):
 garbage-first heap   total 119808K, used 89064K [0x0000000080000000, 0x0000000100000000)
  region size 1024K, 31 young (31744K), 4 survivors (4096K)
 Metaspace       used 68131K, capacity 69739K, committed 69964K, reserved 1110016K
  class space    used 8565K, capacity 9159K, committed 9292K, reserved 1048576K
}
Event: 20.081 GC heap after
{Heap after GC invocations=52 (full 0):
 garbage-first heap   total 119808K, used 64138K [0x0000000080000000, 0x0000000100000000)
  region size 1024K, 3 young (3072K), 3 survivors (3072K)
 Metaspace       used 68131K, capacity 69739K, committed 69964K, reserved 1110016K
  class space    used 8565K, capacity 9159K, committed 9292K, reserved 1048576K
}
Event: 24.057 GC heap before
{Heap before GC invocations=52 (full 0):
 garbage-first heap   total 119808K, used 91786K [0x0000000080000000, 0x0000000100000000)
  region size 1024K, 30 young (30720K), 3 survivors (3072K)
 Metaspace       used 71691K, capacity 73271K, committed 73548K, reserved 1114112K
  class space    used 9194K, capacity 9781K, committed 9804K, reserved 1048576K
}
Event: 24.352 GC heap after
{Heap after GC invocations=53 (full 0):
 garbage-first heap   total 224256K, used 65942K [0x0000000080000000, 0x0000000100000000)
  region size 1024K, 2 young (2048K), 2 survivors (2048K)
 Metaspace       used 71691K, capacity 73271K, committed 73548K, reserved 1114112K
  class space    used 9194K, capacity 9781K, committed 9804K, reserved 1048576K
}
Event: 44.802 GC heap before
{Heap before GC invocations=54 (full 0):
 garbage-first heap   total 224256K, used 94614K [0x0000000080000000, 0x0000000100000000)
  region size 1024K, 30 young (30720K), 2 survivors (2048K)
 Metaspace       used 73108K, capacity 74822K, committed 75084K, reserved 1114112K
  class space    used 9368K, capacity 9992K, committed 10060K, reserved 1048576K
}
Event: 45.076 GC heap after
{Heap after GC invocations=55 (full 0):
 garbage-first heap   total 224256K, used 67760K [0x0000000080000000, 0x0000000100000000)
  region size 1024K, 4 young (4096K), 4 survivors (4096K)
 Metaspace       used 73108K, capacity 74822K, committed 75084K, reserved 1114112K
  class space    used 9368K, capacity 9992K, committed 10060K, reserved 1048576K
}
Event: 100.197 GC heap before
{Heap before GC invocations=55 (full 0):
 garbage-first heap   total 224256K, used 95408K [0x0000000080000000, 0x0000000100000000)
  region size 1024K, 31 young (31744K), 4 survivors (4096K)
 Metaspace       used 73896K, capacity 75642K, committed 75980K, reserved 1116160K
  class space    used 9476K, capacity 10091K, committed 10188K, reserved 1048576K
}
Event: 100.375 GC heap after
{Heap after GC invocations=56 (full 0):
 garbage-first heap   total 224256K, used 69542K [0x0000000080000000, 0x0000000100000000)
  region size 1024K, 4 young (4096K), 4 survivors (4096K)
 Metaspace       used 73896K, capacity 75642K, committed 75980K, reserved 1116160K
  class space    used 9476K, capacity 10091K, committed 10188K, reserved 1048576K
}
Event: 138.739 GC heap before
{Heap before GC invocations=56 (full 0):
 garbage-first heap   total 224256K, used 97190K [0x0000000080000000, 0x0000000100000000)
  region size 1024K, 31 young (31744K), 4 survivors (4096K)
 Metaspace       used 76010K, capacity 77821K, committed 78156K, reserved 1116160K
  class space    used 9789K, capacity 10443K, committed 10572K, reserved 1048576K
}
Event: 138.947 GC heap after
{Heap after GC invocations=57 (full 0):
 garbage-first heap   total 224256K, used 71506K [0x0000000080000000, 0x0000000100000000)
  region size 1024K, 4 young (4096K), 4 survivors (4096K)
 Metaspace       used 76010K, capacity 77821K, committed 78156K, reserved 1116160K
  class space    used 9789K, capacity 10443K, committed 10572K, reserved 1048576K
}
Event: 147.788 GC heap before
{Heap before GC invocations=57 (full 0):
 garbage-first heap   total 224256K, used 99154K [0x0000000080000000, 0x0000000100000000)
  region size 1024K, 31 young (31744K), 4 survivors (4096K)
 Metaspace       used 78723K, capacity 80445K, committed 80588K, reserved 1118208K
  class space    used 10198K, capacity 10870K, committed 10956K, reserved 1048576K
}
Event: 148.022 GC heap after
{Heap after GC invocations=58 (full 0):
 garbage-first heap   total 224256K, used 72856K [0x0000000080000000, 0x0000000100000000)
  region size 1024K, 4 young (4096K), 4 survivors (4096K)
 Metaspace       used 78723K, capacity 80445K, committed 80588K, reserved 1118208K
  class space    used 10198K, capacity 10870K, committed 10956K, reserved 1048576K
}
Event: 154.384 GC heap before
{Heap before GC invocations=58 (full 0):
 garbage-first heap   total 224256K, used 101528K [0x0000000080000000, 0x0000000100000000)
  region size 1024K, 32 young (32768K), 4 survivors (4096K)
 Metaspace       used 81634K, capacity 83507K, committed 83660K, reserved 1122304K
  class space    used 10545K, capacity 11194K, committed 11212K, reserved 1048576K
}

